{
  "stats": {
    "suites": 1,
    "tests": 1,
    "passes": 1,
    "pending": 0,
    "failures": 0,
    "start": "2025-01-22T14:17:16.242Z",
    "end": "2025-01-22T14:17:55.935Z",
    "duration": 39693,
    "testsRegistered": 1,
    "passPercent": 100,
    "pendingPercent": 0,
    "other": 0,
    "hasOther": false,
    "skipped": 0,
    "hasSkipped": false
  },
  "results": [
    {
      "uuid": "6b05553d-00b1-468d-aad7-c64c3d970d6c",
      "title": "",
      "fullFile": "cypress\\e2e\\integration\\authentication\\login.cy.js",
      "file": "cypress\\e2e\\integration\\authentication\\login.cy.js",
      "beforeHooks": [],
      "afterHooks": [],
      "tests": [],
      "suites": [
        {
          "uuid": "470b22ae-9dba-404e-b160-42e431a8a75b",
          "title": "Feature Login",
          "fullFile": "",
          "file": "",
          "beforeHooks": [],
          "afterHooks": [],
          "tests": [
            {
              "title": "Main Function",
              "fullTitle": "Feature Login Main Function",
              "timedOut": null,
              "duration": 34834,
              "state": "passed",
              "speed": "slow",
              "pass": true,
              "fail": false,
              "pending": false,
              "context": null,
              "code": "cy.visit('https://app.gothru.co');\ncy.get('input[placeholder=\"Enter email\"]').type('testergothru@gmail.com');\ncy.get('input[placeholder=\"Enter password\"]').type('GoThru@123');\ncy.contains('button', 'Log In').click();",
              "err": {},
              "uuid": "c84bf48a-1cc4-42ce-8a19-844a4a00fd61",
              "parentUUID": "470b22ae-9dba-404e-b160-42e431a8a75b",
              "isHook": false,
              "skipped": false
            }
          ],
          "suites": [],
          "passes": [
            "c84bf48a-1cc4-42ce-8a19-844a4a00fd61"
          ],
          "failures": [],
          "pending": [],
          "skipped": [],
          "duration": 34834,
          "root": false,
          "rootEmpty": false,
          "_timeout": 2000
        }
      ],
      "passes": [],
      "failures": [],
      "pending": [],
      "skipped": [],
      "duration": 0,
      "root": true,
      "rootEmpty": true,
      "_timeout": 2000
    }
  ],
  "meta": {
    "mocha": {
      "version": "7.0.1"
    },
    "mochawesome": {
      "options": {
        "quiet": false,
        "reportFilename": "mochawesome",
        "saveHtml": true,
        "saveJson": true,
        "consoleReporter": "spec",
        "useInlineDiffs": false,
        "code": true
      },
      "version": "7.1.3"
    },
    "marge": {
      "options": {
        "reportDir": "cypress/results",
        "overwrite": false,
        "html": true,
        "json": true
      },
      "version": "6.2.0"
    }
  }
}