{
  "stats": {
    "suites": 1,
    "tests": 1,
    "passes": 0,
    "pending": 0,
    "failures": 1,
    "start": "2025-01-23T14:12:47.237Z",
    "end": "2025-01-23T14:13:15.274Z",
    "duration": 28037,
    "testsRegistered": 1,
    "passPercent": 0,
    "pendingPercent": 0,
    "other": 0,
    "hasOther": false,
    "skipped": 0,
    "hasSkipped": false
  },
  "results": [
    {
      "uuid": "c92b4033-22b0-4a07-bd7d-df62d994b0a5",
      "title": "",
      "fullFile": "cypress\\e2e\\integration\\authentication\\logout.cy.js",
      "file": "cypress\\e2e\\integration\\authentication\\logout.cy.js",
      "beforeHooks": [],
      "afterHooks": [],
      "tests": [],
      "suites": [
        {
          "uuid": "94f21ccf-e5a3-448e-a34f-98e7f008901b",
          "title": "Feature Logout",
          "fullFile": "",
          "file": "",
          "beforeHooks": [],
          "afterHooks": [],
          "tests": [
            {
              "title": "should logout successfully and redirect to Homepage",
              "fullTitle": "Feature Logout should logout successfully and redirect to Homepage",
              "timedOut": null,
              "duration": 24383,
              "state": "failed",
              "speed": null,
              "pass": false,
              "fail": true,
              "pending": false,
              "context": null,
              "code": "cy.get('button').find('img[alt=\"avatar\"]', {\n  timeout: 60000\n}).click();\ncy.contains('Log Out').click();\ncy.url().should('eq', 'https://app.gothru.co/auth');",
              "err": {
                "message": "AssertionError: Timed out retrying after 4000ms: Expected to find content: 'Log Out' but never did.",
                "estack": "AssertionError: Timed out retrying after 4000ms: Expected to find content: 'Log Out' but never did.\n    at Context.eval (webpack://cypress/./cypress/e2e/integration/authentication/logout.cy.js:10:7)",
                "diff": null
              },
              "uuid": "5bf02dce-c078-4c67-a5b3-952634576fbd",
              "parentUUID": "94f21ccf-e5a3-448e-a34f-98e7f008901b",
              "isHook": false,
              "skipped": false
            }
          ],
          "suites": [],
          "passes": [],
          "failures": [
            "5bf02dce-c078-4c67-a5b3-952634576fbd"
          ],
          "pending": [],
          "skipped": [],
          "duration": 24383,
          "root": false,
          "rootEmpty": false,
          "_timeout": 2000
        }
      ],
      "passes": [],
      "failures": [],
      "pending": [],
      "skipped": [],
      "duration": 0,
      "root": true,
      "rootEmpty": true,
      "_timeout": 2000
    }
  ],
  "meta": {
    "mocha": {
      "version": "7.0.1"
    },
    "mochawesome": {
      "options": {
        "quiet": false,
        "reportFilename": "mochawesome",
        "saveHtml": true,
        "saveJson": true,
        "consoleReporter": "spec",
        "useInlineDiffs": false,
        "code": true
      },
      "version": "7.1.3"
    },
    "marge": {
      "options": {
        "reportDir": "cypress/results",
        "overwrite": false,
        "html": true,
        "json": true
      },
      "version": "6.2.0"
    }
  }
}