{
  "stats": {
    "suites": 1,
    "tests": 1,
    "passes": 0,
    "pending": 0,
    "failures": 1,
    "start": "2025-02-01T02:35:22.196Z",
    "end": "2025-02-01T02:35:43.645Z",
    "duration": 21449,
    "testsRegistered": 1,
    "passPercent": 0,
    "pendingPercent": 0,
    "other": 0,
    "hasOther": false,
    "skipped": 0,
    "hasSkipped": false
  },
  "results": [
    {
      "uuid": "8361ab5b-85e4-46b6-9512-d56c1e938d84",
      "title": "",
      "fullFile": "cypress\\e2e\\integration\\starter-page\\select-language.cy.js",
      "file": "cypress\\e2e\\integration\\starter-page\\select-language.cy.js",
      "beforeHooks": [],
      "afterHooks": [],
      "tests": [],
      "suites": [
        {
          "uuid": "a118719f-7c52-4e89-8864-c21b6f87b08d",
          "title": "Feature Select Language",
          "fullFile": "",
          "file": "",
          "beforeHooks": [],
          "afterHooks": [],
          "tests": [
            {
              "title": "Change Language to Italiano and English",
              "fullTitle": "Feature Select Language Change Language to Italiano and English",
              "timedOut": null,
              "duration": 21349,
              "state": "failed",
              "speed": null,
              "pass": false,
              "fail": true,
              "pending": false,
              "context": null,
              "code": "cy.get('img[src*=\"https://app.gothru.co/images/flag/en.webp\"]', {\n  timeout: 120000\n}).first().click();\ncy.contains('button', 'Italiano', {\n  timeout: 120000\n}).click();\ncy.contains('button', 'Fare domanda a', {\n  timeout: 120000\n}).should('be.visible').click();\ncy.get('img[src*=\"https://app.gothru.co/images/flag/it.webp\"]', {\n  timeout: 120000\n}).first().click();\ncy.contains('button', 'English', {\n  timeout: 120000\n}).click();\ncy.contains('button', 'Apply', {\n  timeout: 120000\n}).should('be.visible').click();",
              "err": {
                "message": "CypressError: `cy.visit()` failed trying to load:\n\nhttps://app.gothru.co/\n\nWe attempted to make an http request to this URL but the request failed without a response.\n\nWe received this error at the network level:\n\n  > Error: connect ETIMEDOUT 208.76.107.71:443\n\nCommon situations why this would fail:\n  - you don't have internet access\n  - you forgot to run / boot your web server\n  - your web server isn't accessible\n  - you have weird network configuration settings on your computer\n\nBecause this error occurred during a `before each` hook we are skipping the remaining tests in the current suite: `Feature Select Language`",
                "estack": "CypressError: `cy.visit()` failed trying to load:\n\nhttps://app.gothru.co/\n\nWe attempted to make an http request to this URL but the request failed without a response.\n\nWe received this error at the network level:\n\n  > Error: connect ETIMEDOUT 208.76.107.71:443\n\nCommon situations why this would fail:\n  - you don't have internet access\n  - you forgot to run / boot your web server\n  - your web server isn't accessible\n  - you have weird network configuration settings on your computer\n\nBecause this error occurred during a `before each` hook we are skipping the remaining tests in the current suite: `Feature Select Language`\n    at <unknown> (http://localhost:56134/__cypress/runner/cypress_runner.js:131607:74)\n    at visitFailedByErr (http://localhost:56134/__cypress/runner/cypress_runner.js:131006:12)\n    at <unknown> (http://localhost:56134/__cypress/runner/cypress_runner.js:131606:11)\n    at tryCatcher (http://localhost:56134/__cypress/runner/cypress_runner.js:1830:23)\n    at Promise._settlePromiseFromHandler (http://localhost:56134/__cypress/runner/cypress_runner.js:1542:31)\n    at Promise._settlePromise (http://localhost:56134/__cypress/runner/cypress_runner.js:1599:18)\n    at Promise._settlePromise0 (http://localhost:56134/__cypress/runner/cypress_runner.js:1644:10)\n    at Promise._settlePromises (http://localhost:56134/__cypress/runner/cypress_runner.js:1720:18)\n    at _drainQueueStep (http://localhost:56134/__cypress/runner/cypress_runner.js:2430:12)\n    at _drainQueue (http://localhost:56134/__cypress/runner/cypress_runner.js:2423:9)\n    at Async._drainQueues (http://localhost:56134/__cypress/runner/cypress_runner.js:2439:5)\n    at Async.drainQueues (http://localhost:56134/__cypress/runner/cypress_runner.js:2309:14)\nFrom Your Spec Code:\n    at Context.eval (webpack://cypress/./cypress/e2e/integration/starter-page/select-language.cy.js:3:7)\n\nFrom Node.js Internals:\n  Error: connect ETIMEDOUT 208.76.107.71:443\n      at TCPConnectWrap.afterConnect [as oncomplete] (node:net:1495:16)",
                "diff": null
              },
              "uuid": "bb251cd3-51f2-43dd-9a0c-709b610fc71f",
              "parentUUID": "a118719f-7c52-4e89-8864-c21b6f87b08d",
              "isHook": false,
              "skipped": false
            }
          ],
          "suites": [],
          "passes": [],
          "failures": [
            "bb251cd3-51f2-43dd-9a0c-709b610fc71f"
          ],
          "pending": [],
          "skipped": [],
          "duration": 21349,
          "root": false,
          "rootEmpty": false,
          "_timeout": 2000
        }
      ],
      "passes": [],
      "failures": [],
      "pending": [],
      "skipped": [],
      "duration": 0,
      "root": true,
      "rootEmpty": true,
      "_timeout": 2000
    }
  ],
  "meta": {
    "mocha": {
      "version": "7.0.1"
    },
    "mochawesome": {
      "options": {
        "quiet": false,
        "reportFilename": "mochawesome",
        "saveHtml": true,
        "saveJson": true,
        "consoleReporter": "spec",
        "useInlineDiffs": false,
        "code": true
      },
      "version": "7.1.3"
    },
    "marge": {
      "options": {
        "reportDir": "cypress/results",
        "overwrite": false,
        "html": true,
        "json": true
      },
      "version": "6.2.0"
    }
  }
}