{
  "stats": {
    "suites": 1,
    "tests": 1,
    "passes": 1,
    "pending": 0,
    "failures": 0,
    "start": "2025-01-22T14:00:44.943Z",
    "end": "2025-01-22T14:01:50.211Z",
    "duration": 65268,
    "testsRegistered": 1,
    "passPercent": 100,
    "pendingPercent": 0,
    "other": 0,
    "hasOther": false,
    "skipped": 0,
    "hasSkipped": false
  },
  "results": [
    {
      "uuid": "8bcd7dd2-15c6-48c3-ad61-e2ba45c193f2",
      "title": "",
      "fullFile": "cypress\\e2e\\integration\\authentication\\logout.cy.js",
      "file": "cypress\\e2e\\integration\\authentication\\logout.cy.js",
      "beforeHooks": [],
      "afterHooks": [],
      "tests": [],
      "suites": [
        {
          "uuid": "66e164dc-b71d-4da2-843b-c0f95ec4d582",
          "title": "Feature Logout",
          "fullFile": "",
          "file": "",
          "beforeHooks": [],
          "afterHooks": [],
          "tests": [
            {
              "title": "should logout successfully and redirect to Homepage",
              "fullTitle": "Feature Logout should logout successfully and redirect to Homepage",
              "timedOut": null,
              "duration": 62845,
              "state": "passed",
              "speed": "slow",
              "pass": true,
              "fail": false,
              "pending": false,
              "context": null,
              "code": "cy.get('button').find('img[alt=\"avatar\"]').click();\ncy.contains('Log Out').click();\ncy.url().should('eq', 'https://app.gothru.co/auth');",
              "err": {},
              "uuid": "57ac7df2-7ad3-4adc-89ff-854a6ab84cf3",
              "parentUUID": "66e164dc-b71d-4da2-843b-c0f95ec4d582",
              "isHook": false,
              "skipped": false
            }
          ],
          "suites": [],
          "passes": [
            "57ac7df2-7ad3-4adc-89ff-854a6ab84cf3"
          ],
          "failures": [],
          "pending": [],
          "skipped": [],
          "duration": 62845,
          "root": false,
          "rootEmpty": false,
          "_timeout": 2000
        }
      ],
      "passes": [],
      "failures": [],
      "pending": [],
      "skipped": [],
      "duration": 0,
      "root": true,
      "rootEmpty": true,
      "_timeout": 2000
    }
  ],
  "meta": {
    "mocha": {
      "version": "7.0.1"
    },
    "mochawesome": {
      "options": {
        "quiet": false,
        "reportFilename": "mochawesome",
        "saveHtml": true,
        "saveJson": true,
        "consoleReporter": "spec",
        "useInlineDiffs": false,
        "code": true
      },
      "version": "7.1.3"
    },
    "marge": {
      "options": {
        "reportDir": "cypress/results",
        "overwrite": false,
        "html": true,
        "json": true
      },
      "version": "6.2.0"
    }
  }
}