{
  "stats": {
    "suites": 1,
    "tests": 1,
    "passes": 1,
    "pending": 0,
    "failures": 0,
    "start": "2025-02-01T02:39:29.702Z",
    "end": "2025-02-01T02:39:42.255Z",
    "duration": 12553,
    "testsRegistered": 1,
    "passPercent": 100,
    "pendingPercent": 0,
    "other": 0,
    "hasOther": false,
    "skipped": 0,
    "hasSkipped": false
  },
  "results": [
    {
      "uuid": "77d024b4-2108-4d9f-8a7e-0d9d0dd5db91",
      "title": "",
      "fullFile": "cypress\\e2e\\integration\\authentication\\login.cy.js",
      "file": "cypress\\e2e\\integration\\authentication\\login.cy.js",
      "beforeHooks": [],
      "afterHooks": [],
      "tests": [],
      "suites": [
        {
          "uuid": "f5001c73-c87e-4841-a91b-d28e0789b368",
          "title": "Feature Login",
          "fullFile": "",
          "file": "",
          "beforeHooks": [],
          "afterHooks": [],
          "tests": [
            {
              "title": "Main Function",
              "fullTitle": "Feature Login Main Function",
              "timedOut": null,
              "duration": 9324,
              "state": "passed",
              "speed": "medium",
              "pass": true,
              "fail": false,
              "pending": false,
              "context": null,
              "code": "cy.visit('https://app.gothru.co');\ncy.get('input[placeholder=\"Enter email\"]', {\n  timeout: 60000\n}).type('testergothru@gmail.com');\ncy.get('input[placeholder=\"Enter password\"]', {\n  timeout: 60000\n}).type('GoThru@12345');\ncy.contains('button', 'Log In').click();",
              "err": {},
              "uuid": "66cb6af2-a14a-4f88-9c78-1534892e1c24",
              "parentUUID": "f5001c73-c87e-4841-a91b-d28e0789b368",
              "isHook": false,
              "skipped": false
            }
          ],
          "suites": [],
          "passes": [
            "66cb6af2-a14a-4f88-9c78-1534892e1c24"
          ],
          "failures": [],
          "pending": [],
          "skipped": [],
          "duration": 9324,
          "root": false,
          "rootEmpty": false,
          "_timeout": 2000
        }
      ],
      "passes": [],
      "failures": [],
      "pending": [],
      "skipped": [],
      "duration": 0,
      "root": true,
      "rootEmpty": true,
      "_timeout": 2000
    }
  ],
  "meta": {
    "mocha": {
      "version": "7.0.1"
    },
    "mochawesome": {
      "options": {
        "quiet": false,
        "reportFilename": "mochawesome",
        "saveHtml": true,
        "saveJson": true,
        "consoleReporter": "spec",
        "useInlineDiffs": false,
        "code": true
      },
      "version": "7.1.3"
    },
    "marge": {
      "options": {
        "reportDir": "cypress/results",
        "overwrite": false,
        "html": true,
        "json": true
      },
      "version": "6.2.0"
    }
  }
}