{
  "stats": {
    "suites": 1,
    "tests": 1,
    "passes": 1,
    "pending": 0,
    "failures": 0,
    "start": "2025-02-01T02:18:37.549Z",
    "end": "2025-02-01T02:18:50.729Z",
    "duration": 13180,
    "testsRegistered": 1,
    "passPercent": 100,
    "pendingPercent": 0,
    "other": 0,
    "hasOther": false,
    "skipped": 0,
    "hasSkipped": false
  },
  "results": [
    {
      "uuid": "7d76924b-e1ed-4c20-b029-32c0fa935102",
      "title": "",
      "fullFile": "cypress\\e2e\\integration\\starter-page\\select-language.cy.js",
      "file": "cypress\\e2e\\integration\\starter-page\\select-language.cy.js",
      "beforeHooks": [],
      "afterHooks": [],
      "tests": [],
      "suites": [
        {
          "uuid": "e9f1d628-74eb-411e-aac4-e93f76a80e2f",
          "title": "Feature Select Language",
          "fullFile": "",
          "file": "",
          "beforeHooks": [],
          "afterHooks": [],
          "tests": [
            {
              "title": "Change Language to Italiano and English",
              "fullTitle": "Feature Select Language Change Language to Italiano and English",
              "timedOut": null,
              "duration": 10132,
              "state": "passed",
              "speed": "slow",
              "pass": true,
              "fail": false,
              "pending": false,
              "context": null,
              "code": "cy.get('img[src*=\"https://app.gothru.co/images/flag/en.webp\"]', {\n  timeout: 120000\n}).first().click();\ncy.contains('button', 'Italiano', {\n  timeout: 120000\n}).click();\ncy.contains('button', 'Fare domanda a', {\n  timeout: 120000\n}).click();\ncy.get('img[src*=\"https://app.gothru.co/images/flag/it.webp\"]', {\n  timeout: 120000\n}).first().click();\ncy.contains('button', 'English', {\n  timeout: 120000\n}).click();\ncy.contains('button', 'Apply', {\n  timeout: 120000\n}).click();",
              "err": {},
              "uuid": "8f89c9b2-bd48-4c9b-8ff8-6efb61c4efc5",
              "parentUUID": "e9f1d628-74eb-411e-aac4-e93f76a80e2f",
              "isHook": false,
              "skipped": false
            }
          ],
          "suites": [],
          "passes": [
            "8f89c9b2-bd48-4c9b-8ff8-6efb61c4efc5"
          ],
          "failures": [],
          "pending": [],
          "skipped": [],
          "duration": 10132,
          "root": false,
          "rootEmpty": false,
          "_timeout": 2000
        }
      ],
      "passes": [],
      "failures": [],
      "pending": [],
      "skipped": [],
      "duration": 0,
      "root": true,
      "rootEmpty": true,
      "_timeout": 2000
    }
  ],
  "meta": {
    "mocha": {
      "version": "7.0.1"
    },
    "mochawesome": {
      "options": {
        "quiet": false,
        "reportFilename": "mochawesome",
        "saveHtml": true,
        "saveJson": true,
        "consoleReporter": "spec",
        "useInlineDiffs": false,
        "code": true
      },
      "version": "7.1.3"
    },
    "marge": {
      "options": {
        "reportDir": "cypress/results",
        "overwrite": false,
        "html": true,
        "json": true
      },
      "version": "6.2.0"
    }
  }
}