{
  "stats": {
    "suites": 1,
    "tests": 1,
    "passes": 0,
    "pending": 0,
    "failures": 1,
    "start": "2025-01-21T13:21:51.325Z",
    "end": "2025-01-21T13:22:54.556Z",
    "duration": 63231,
    "testsRegistered": 1,
    "passPercent": 0,
    "pendingPercent": 0,
    "other": 0,
    "hasOther": false,
    "skipped": 0,
    "hasSkipped": false
  },
  "results": [
    {
      "uuid": "21737f21-fd8f-424e-a9a8-0dff9c3c7d67",
      "title": "",
      "fullFile": "cypress\\e2e\\integration\\starter-page\\select-language.cy.js",
      "file": "cypress\\e2e\\integration\\starter-page\\select-language.cy.js",
      "beforeHooks": [],
      "afterHooks": [],
      "tests": [],
      "suites": [
        {
          "uuid": "74c4c47c-714d-4162-bcfa-ff286c5a7a89",
          "title": "Feature Select Language",
          "fullFile": "",
          "file": "",
          "beforeHooks": [],
          "afterHooks": [],
          "tests": [
            {
              "title": "Change Language to Italiano and English",
              "fullTitle": "Feature Select Language Change Language to Italiano and English",
              "timedOut": null,
              "duration": 60422,
              "state": "failed",
              "speed": null,
              "pass": false,
              "fail": true,
              "pending": false,
              "context": null,
              "code": "cy.get('img[src*=\"https://app.gothru.co/images/flag/en.png\"]').first().click();\ncy.contains('button', 'Italiano').click();\ncy.contains('button', 'Fare domanda a').click();\ncy.get('img[src*=\"https://app.gothru.co/images/flag/it.png\"]').first().click();\ncy.contains('button', 'English').click();\ncy.contains('button', 'Apply').click();",
              "err": {
                "message": "CypressError: Timed out after waiting `60000ms` for your remote page to load.\n\nYour page did not fire its `load` event within `60000ms`.\n\nYou can try increasing the `pageLoadTimeout` value in `cypress.config.js` to wait longer.\n\nBrowsers will not fire the `load` event until all stylesheets and scripts are done downloading.\n\nWhen this `load` event occurs, Cypress will continue running commands.\n\nBecause this error occurred during a `before each` hook we are skipping the remaining tests in the current suite: `Feature Select Language`",
                "estack": "CypressError: Timed out after waiting `60000ms` for your remote page to load.\n\nYour page did not fire its `load` event within `60000ms`.\n\nYou can try increasing the `pageLoadTimeout` value in `cypress.config.js` to wait longer.\n\nBrowsers will not fire the `load` event until all stylesheets and scripts are done downloading.\n\nWhen this `load` event occurs, Cypress will continue running commands.\n\nBecause this error occurred during a `before each` hook we are skipping the remaining tests in the current suite: `Feature Select Language`\n    at timedOutWaitingForPageLoad (https://app.gothru.co/__cypress/runner/cypress_runner.js:130639:64)\n    at <unknown> (https://app.gothru.co/__cypress/runner/cypress_runner.js:131624:16)\n    at tryCatcher (https://app.gothru.co/__cypress/runner/cypress_runner.js:1830:23)\n    at <unknown> (https://app.gothru.co/__cypress/runner/cypress_runner.js:4209:41)\n    at tryCatcher (https://app.gothru.co/__cypress/runner/cypress_runner.js:1830:23)\n    at Promise._settlePromiseFromHandler (https://app.gothru.co/__cypress/runner/cypress_runner.js:1542:31)\n    at Promise._settlePromise (https://app.gothru.co/__cypress/runner/cypress_runner.js:1599:18)\n    at Promise._settlePromise0 (https://app.gothru.co/__cypress/runner/cypress_runner.js:1644:10)\n    at Promise._settlePromises (https://app.gothru.co/__cypress/runner/cypress_runner.js:1720:18)\n    at _drainQueueStep (https://app.gothru.co/__cypress/runner/cypress_runner.js:2430:12)\n    at _drainQueue (https://app.gothru.co/__cypress/runner/cypress_runner.js:2423:9)\n    at Async._drainQueues (https://app.gothru.co/__cypress/runner/cypress_runner.js:2439:5)\n    at Async.drainQueues (https://app.gothru.co/__cypress/runner/cypress_runner.js:2309:14)\nFrom Your Spec Code:\n    at Context.eval (webpack://cypress/./cypress/e2e/integration/starter-page/select-language.cy.js:3:7)",
                "diff": null
              },
              "uuid": "d3e1213c-eee5-4954-92be-1365b8605c72",
              "parentUUID": "74c4c47c-714d-4162-bcfa-ff286c5a7a89",
              "isHook": false,
              "skipped": false
            }
          ],
          "suites": [],
          "passes": [],
          "failures": [
            "d3e1213c-eee5-4954-92be-1365b8605c72"
          ],
          "pending": [],
          "skipped": [],
          "duration": 60422,
          "root": false,
          "rootEmpty": false,
          "_timeout": 2000
        }
      ],
      "passes": [],
      "failures": [],
      "pending": [],
      "skipped": [],
      "duration": 0,
      "root": true,
      "rootEmpty": true,
      "_timeout": 2000
    }
  ],
  "meta": {
    "mocha": {
      "version": "7.0.1"
    },
    "mochawesome": {
      "options": {
        "quiet": false,
        "reportFilename": "mochawesome",
        "saveHtml": true,
        "saveJson": true,
        "consoleReporter": "spec",
        "useInlineDiffs": false,
        "code": true
      },
      "version": "7.1.3"
    },
    "marge": {
      "options": {
        "reportDir": "cypress/results",
        "overwrite": false,
        "html": true,
        "json": true
      },
      "version": "6.2.0"
    }
  }
}