{
  "stats": {
    "suites": 1,
    "tests": 1,
    "passes": 0,
    "pending": 0,
    "failures": 1,
    "start": "2025-02-01T02:49:41.458Z",
    "end": "2025-02-01T02:52:00.036Z",
    "duration": 138578,
    "testsRegistered": 1,
    "passPercent": 0,
    "pendingPercent": 0,
    "other": 0,
    "hasOther": false,
    "skipped": 0,
    "hasSkipped": false
  },
  "results": [
    {
      "uuid": "745995c9-764a-4f91-a391-243e8601f9da",
      "title": "",
      "fullFile": "cypress\\e2e\\integration\\authentication\\logout.cy.js",
      "file": "cypress\\e2e\\integration\\authentication\\logout.cy.js",
      "beforeHooks": [],
      "afterHooks": [],
      "tests": [],
      "suites": [
        {
          "uuid": "c832314b-b514-47d9-a892-a361cff21267",
          "title": "Feature Logout",
          "fullFile": "",
          "file": "",
          "beforeHooks": [],
          "afterHooks": [],
          "tests": [
            {
              "title": "should logout successfully and redirect to Homepage",
              "fullTitle": "Feature Logout should logout successfully and redirect to Homepage",
              "timedOut": null,
              "duration": 135397,
              "state": "failed",
              "speed": null,
              "pass": false,
              "fail": true,
              "pending": false,
              "context": null,
              "code": "cy.get('button').find('img[alt=\"avatar\"]', {\n  timeout: 120000\n}).click();\ncy.contains('Log Out', {\n  timeout: 120000\n}).should('be.visible').click({\n  force: true\n});\ncy.url().should('eq', 'https://app.gothru.co/auth');",
              "err": {
                "message": "AssertionError: Timed out retrying after 120000ms: Expected to find content: 'Log Out' but never did.",
                "estack": "AssertionError: Timed out retrying after 120000ms: Expected to find content: 'Log Out' but never did.\n    at Context.eval (webpack://cypress/./cypress/e2e/integration/authentication/logout.cy.js:10:47)",
                "diff": null
              },
              "uuid": "7297635b-aab8-41b4-80b4-ce39679d0b9e",
              "parentUUID": "c832314b-b514-47d9-a892-a361cff21267",
              "isHook": false,
              "skipped": false
            }
          ],
          "suites": [],
          "passes": [],
          "failures": [
            "7297635b-aab8-41b4-80b4-ce39679d0b9e"
          ],
          "pending": [],
          "skipped": [],
          "duration": 135397,
          "root": false,
          "rootEmpty": false,
          "_timeout": 2000
        }
      ],
      "passes": [],
      "failures": [],
      "pending": [],
      "skipped": [],
      "duration": 0,
      "root": true,
      "rootEmpty": true,
      "_timeout": 2000
    }
  ],
  "meta": {
    "mocha": {
      "version": "7.0.1"
    },
    "mochawesome": {
      "options": {
        "quiet": false,
        "reportFilename": "mochawesome",
        "saveHtml": true,
        "saveJson": true,
        "consoleReporter": "spec",
        "useInlineDiffs": false,
        "code": true
      },
      "version": "7.1.3"
    },
    "marge": {
      "options": {
        "reportDir": "cypress/results",
        "overwrite": false,
        "html": true,
        "json": true
      },
      "version": "6.2.0"
    }
  }
}