{
  "stats": {
    "suites": 1,
    "tests": 1,
    "passes": 0,
    "pending": 0,
    "failures": 1,
    "start": "2025-01-23T13:46:27.566Z",
    "end": "2025-01-23T13:47:33.566Z",
    "duration": 66000,
    "testsRegistered": 1,
    "passPercent": 0,
    "pendingPercent": 0,
    "other": 0,
    "hasOther": false,
    "skipped": 0,
    "hasSkipped": false
  },
  "results": [
    {
      "uuid": "29c45d88-73d0-4e87-b725-b49ae6efc594",
      "title": "",
      "fullFile": "cypress\\e2e\\integration\\authentication\\login.cy.js",
      "file": "cypress\\e2e\\integration\\authentication\\login.cy.js",
      "beforeHooks": [],
      "afterHooks": [],
      "tests": [],
      "suites": [
        {
          "uuid": "02a7ec0e-cc8a-4109-9c44-74bbbb7d3a9a",
          "title": "Feature Login",
          "fullFile": "",
          "file": "",
          "beforeHooks": [],
          "afterHooks": [],
          "tests": [
            {
              "title": "Main Function",
              "fullTitle": "Feature Login Main Function",
              "timedOut": null,
              "duration": 61324,
              "state": "failed",
              "speed": null,
              "pass": false,
              "fail": true,
              "pending": false,
              "context": null,
              "code": "cy.visit('https://app.gothru.co');\ncy.get('input[placeholder=\"Enter email\"]').type('testergothru@gmail.com');\ncy.get('input[placeholder=\"Enter password\"]').type('GoThru@123');\ncy.contains('button', 'Log In').click();",
              "err": {
                "message": "CypressError: Timed out after waiting `60000ms` for your remote page to load.\n\nYour page did not fire its `load` event within `60000ms`.\n\nYou can try increasing the `pageLoadTimeout` value in `cypress.config.js` to wait longer.\n\nBrowsers will not fire the `load` event until all stylesheets and scripts are done downloading.\n\nWhen this `load` event occurs, Cypress will continue running commands.",
                "estack": "CypressError: Timed out after waiting `60000ms` for your remote page to load.\n\nYour page did not fire its `load` event within `60000ms`.\n\nYou can try increasing the `pageLoadTimeout` value in `cypress.config.js` to wait longer.\n\nBrowsers will not fire the `load` event until all stylesheets and scripts are done downloading.\n\nWhen this `load` event occurs, Cypress will continue running commands.\n    at timedOutWaitingForPageLoad (https://app.gothru.co/__cypress/runner/cypress_runner.js:130639:64)\n    at <unknown> (https://app.gothru.co/__cypress/runner/cypress_runner.js:131624:16)\n    at tryCatcher (https://app.gothru.co/__cypress/runner/cypress_runner.js:1830:23)\n    at <unknown> (https://app.gothru.co/__cypress/runner/cypress_runner.js:4209:41)\n    at tryCatcher (https://app.gothru.co/__cypress/runner/cypress_runner.js:1830:23)\n    at Promise._settlePromiseFromHandler (https://app.gothru.co/__cypress/runner/cypress_runner.js:1542:31)\n    at Promise._settlePromise (https://app.gothru.co/__cypress/runner/cypress_runner.js:1599:18)\n    at Promise._settlePromise0 (https://app.gothru.co/__cypress/runner/cypress_runner.js:1644:10)\n    at Promise._settlePromises (https://app.gothru.co/__cypress/runner/cypress_runner.js:1720:18)\n    at _drainQueueStep (https://app.gothru.co/__cypress/runner/cypress_runner.js:2430:12)\n    at _drainQueue (https://app.gothru.co/__cypress/runner/cypress_runner.js:2423:9)\n    at Async._drainQueues (https://app.gothru.co/__cypress/runner/cypress_runner.js:2439:5)\n    at Async.drainQueues (https://app.gothru.co/__cypress/runner/cypress_runner.js:2309:14)\nFrom Your Spec Code:\n    at Context.eval (webpack://cypress/./cypress/e2e/integration/authentication/login.cy.js:3:7)",
                "diff": null
              },
              "uuid": "3e133fe0-d151-47a5-a5b2-eed36cc61de2",
              "parentUUID": "02a7ec0e-cc8a-4109-9c44-74bbbb7d3a9a",
              "isHook": false,
              "skipped": false
            }
          ],
          "suites": [],
          "passes": [],
          "failures": [
            "3e133fe0-d151-47a5-a5b2-eed36cc61de2"
          ],
          "pending": [],
          "skipped": [],
          "duration": 61324,
          "root": false,
          "rootEmpty": false,
          "_timeout": 2000
        }
      ],
      "passes": [],
      "failures": [],
      "pending": [],
      "skipped": [],
      "duration": 0,
      "root": true,
      "rootEmpty": true,
      "_timeout": 2000
    }
  ],
  "meta": {
    "mocha": {
      "version": "7.0.1"
    },
    "mochawesome": {
      "options": {
        "quiet": false,
        "reportFilename": "mochawesome",
        "saveHtml": true,
        "saveJson": true,
        "consoleReporter": "spec",
        "useInlineDiffs": false,
        "code": true
      },
      "version": "7.1.3"
    },
    "marge": {
      "options": {
        "reportDir": "cypress/results",
        "overwrite": false,
        "html": true,
        "json": true
      },
      "version": "6.2.0"
    }
  }
}