{
  "stats": {
    "suites": 1,
    "tests": 1,
    "passes": 0,
    "pending": 0,
    "failures": 1,
    "start": "2025-01-23T14:20:24.031Z",
    "end": "2025-01-23T14:21:49.956Z",
    "duration": 85925,
    "testsRegistered": 1,
    "passPercent": 0,
    "pendingPercent": 0,
    "other": 0,
    "hasOther": false,
    "skipped": 0,
    "hasSkipped": false
  },
  "results": [
    {
      "uuid": "2d70db6f-cd21-4d1b-899f-7e53794ea5c3",
      "title": "",
      "fullFile": "cypress\\e2e\\integration\\starter-page\\select-language.cy.js",
      "file": "cypress\\e2e\\integration\\starter-page\\select-language.cy.js",
      "beforeHooks": [],
      "afterHooks": [],
      "tests": [],
      "suites": [
        {
          "uuid": "372598b5-9007-4462-a5de-b3823fcfc932",
          "title": "Feature Select Language",
          "fullFile": "",
          "file": "",
          "beforeHooks": [],
          "afterHooks": [],
          "tests": [
            {
              "title": "Change Language to Italiano and English",
              "fullTitle": "Feature Select Language Change Language to Italiano and English",
              "timedOut": null,
              "duration": 81750,
              "state": "failed",
              "speed": null,
              "pass": false,
              "fail": true,
              "pending": false,
              "context": null,
              "code": "cy.get('img[src*=\"https://app.gothru.co/images/flag/en.png\"]', {\n  timeout: 60000\n}).first().click();\ncy.contains('button', 'Italiano', {\n  timeout: 60000\n}).click();\ncy.contains('button', 'Fare domanda a', {\n  timeout: 60000\n}).click();\ncy.get('img[src*=\"https://app.gothru.co/images/flag/it.png\"]', {\n  timeout: 60000\n}).first().click();\ncy.contains('button', 'English', {\n  timeout: 60000\n}).click();\ncy.contains('button', 'Apply', {\n  timeout: 60000\n}).click();",
              "err": {
                "message": "AssertionError: Timed out retrying after 60000ms: Expected to find element: `img[src*=\"https://app.gothru.co/images/flag/en.png\"]`, but never found it.",
                "estack": "AssertionError: Timed out retrying after 60000ms: Expected to find element: `img[src*=\"https://app.gothru.co/images/flag/en.png\"]`, but never found it.\n    at Context.eval (webpack://cypress/./cypress/e2e/integration/starter-page/select-language.cy.js:9:7)",
                "diff": null
              },
              "uuid": "9bd76571-e576-40b2-8144-1d2838a6c9a8",
              "parentUUID": "372598b5-9007-4462-a5de-b3823fcfc932",
              "isHook": false,
              "skipped": false
            }
          ],
          "suites": [],
          "passes": [],
          "failures": [
            "9bd76571-e576-40b2-8144-1d2838a6c9a8"
          ],
          "pending": [],
          "skipped": [],
          "duration": 81750,
          "root": false,
          "rootEmpty": false,
          "_timeout": 2000
        }
      ],
      "passes": [],
      "failures": [],
      "pending": [],
      "skipped": [],
      "duration": 0,
      "root": true,
      "rootEmpty": true,
      "_timeout": 2000
    }
  ],
  "meta": {
    "mocha": {
      "version": "7.0.1"
    },
    "mochawesome": {
      "options": {
        "quiet": false,
        "reportFilename": "mochawesome",
        "saveHtml": true,
        "saveJson": true,
        "consoleReporter": "spec",
        "useInlineDiffs": false,
        "code": true
      },
      "version": "7.1.3"
    },
    "marge": {
      "options": {
        "reportDir": "cypress/results",
        "overwrite": false,
        "html": true,
        "json": true
      },
      "version": "6.2.0"
    }
  }
}