{
  "stats": {
    "suites": 1,
    "tests": 1,
    "passes": 1,
    "pending": 0,
    "failures": 0,
    "start": "2025-02-01T02:44:56.056Z",
    "end": "2025-02-01T02:45:06.852Z",
    "duration": 10796,
    "testsRegistered": 1,
    "passPercent": 100,
    "pendingPercent": 0,
    "other": 0,
    "hasOther": false,
    "skipped": 0,
    "hasSkipped": false
  },
  "results": [
    {
      "uuid": "e4b681d1-4914-4ab2-83bd-0c240fe89bf8",
      "title": "",
      "fullFile": "cypress\\e2e\\integration\\starter-page\\select-mode.cy.js",
      "file": "cypress\\e2e\\integration\\starter-page\\select-mode.cy.js",
      "beforeHooks": [],
      "afterHooks": [],
      "tests": [],
      "suites": [
        {
          "uuid": "f6a20627-c0ae-462e-8a37-781148e024fd",
          "title": "Feature Select Mode",
          "fullFile": "",
          "file": "",
          "beforeHooks": [],
          "afterHooks": [],
          "tests": [
            {
              "title": "Change mode light to dark",
              "fullTitle": "Feature Select Mode Change mode light to dark",
              "timedOut": null,
              "duration": 8149,
              "state": "passed",
              "speed": "medium",
              "pass": true,
              "fail": false,
              "pending": false,
              "context": null,
              "code": "cy.get('button i.fa-solid.fa-moon', {\n  timeout: 120000\n}).first().click();\ncy.get('button i.fa-solid.fa-sun', {\n  timeout: 120000\n}).first().click();",
              "err": {},
              "uuid": "829c70c7-5165-4326-baa4-16b127b1d662",
              "parentUUID": "f6a20627-c0ae-462e-8a37-781148e024fd",
              "isHook": false,
              "skipped": false
            }
          ],
          "suites": [],
          "passes": [
            "829c70c7-5165-4326-baa4-16b127b1d662"
          ],
          "failures": [],
          "pending": [],
          "skipped": [],
          "duration": 8149,
          "root": false,
          "rootEmpty": false,
          "_timeout": 2000
        }
      ],
      "passes": [],
      "failures": [],
      "pending": [],
      "skipped": [],
      "duration": 0,
      "root": true,
      "rootEmpty": true,
      "_timeout": 2000
    }
  ],
  "meta": {
    "mocha": {
      "version": "7.0.1"
    },
    "mochawesome": {
      "options": {
        "quiet": false,
        "reportFilename": "mochawesome",
        "saveHtml": true,
        "saveJson": true,
        "consoleReporter": "spec",
        "useInlineDiffs": false,
        "code": true
      },
      "version": "7.1.3"
    },
    "marge": {
      "options": {
        "reportDir": "cypress/results",
        "overwrite": false,
        "html": true,
        "json": true
      },
      "version": "6.2.0"
    }
  }
}