{
  "stats": {
    "suites": 1,
    "tests": 1,
    "passes": 1,
    "pending": 0,
    "failures": 0,
    "start": "2025-01-22T14:20:59.127Z",
    "end": "2025-01-22T14:21:48.147Z",
    "duration": 49020,
    "testsRegistered": 1,
    "passPercent": 100,
    "pendingPercent": 0,
    "other": 0,
    "hasOther": false,
    "skipped": 0,
    "hasSkipped": false
  },
  "results": [
    {
      "uuid": "34cd386e-a9ad-4546-935c-d182327e69a7",
      "title": "",
      "fullFile": "cypress\\e2e\\integration\\starter-page\\select-mode.cy.js",
      "file": "cypress\\e2e\\integration\\starter-page\\select-mode.cy.js",
      "beforeHooks": [],
      "afterHooks": [],
      "tests": [],
      "suites": [
        {
          "uuid": "5197eac1-e53e-4298-96e1-80ad1a5db988",
          "title": "Feature Select Mode",
          "fullFile": "",
          "file": "",
          "beforeHooks": [],
          "afterHooks": [],
          "tests": [
            {
              "title": "Change mode light to dark",
              "fullTitle": "Feature Select Mode Change mode light to dark",
              "timedOut": null,
              "duration": 46575,
              "state": "passed",
              "speed": "slow",
              "pass": true,
              "fail": false,
              "pending": false,
              "context": null,
              "code": "cy.get('button i.fa-solid.fa-moon').first().click();\ncy.get('button i.fa-solid.fa-sun').first().click();",
              "err": {},
              "uuid": "f4da90c8-2fb2-4953-9f2c-526ae2a840f3",
              "parentUUID": "5197eac1-e53e-4298-96e1-80ad1a5db988",
              "isHook": false,
              "skipped": false
            }
          ],
          "suites": [],
          "passes": [
            "f4da90c8-2fb2-4953-9f2c-526ae2a840f3"
          ],
          "failures": [],
          "pending": [],
          "skipped": [],
          "duration": 46575,
          "root": false,
          "rootEmpty": false,
          "_timeout": 2000
        }
      ],
      "passes": [],
      "failures": [],
      "pending": [],
      "skipped": [],
      "duration": 0,
      "root": true,
      "rootEmpty": true,
      "_timeout": 2000
    }
  ],
  "meta": {
    "mocha": {
      "version": "7.0.1"
    },
    "mochawesome": {
      "options": {
        "quiet": false,
        "reportFilename": "mochawesome",
        "saveHtml": true,
        "saveJson": true,
        "consoleReporter": "spec",
        "useInlineDiffs": false,
        "code": true
      },
      "version": "7.1.3"
    },
    "marge": {
      "options": {
        "reportDir": "cypress/results",
        "overwrite": false,
        "html": true,
        "json": true
      },
      "version": "6.2.0"
    }
  }
}