{
  "stats": {
    "suites": 1,
    "tests": 1,
    "passes": 0,
    "pending": 0,
    "failures": 1,
    "start": "2025-01-23T14:44:46.608Z",
    "end": "2025-01-23T14:45:00.553Z",
    "duration": 13945,
    "testsRegistered": 1,
    "passPercent": 0,
    "pendingPercent": 0,
    "other": 0,
    "hasOther": false,
    "skipped": 0,
    "hasSkipped": false
  },
  "results": [
    {
      "uuid": "bd0064bf-edf8-44b1-8316-095fe10cc527",
      "title": "",
      "fullFile": "cypress\\e2e\\integration\\starter-page\\select-language.cy.js",
      "file": "cypress\\e2e\\integration\\starter-page\\select-language.cy.js",
      "beforeHooks": [],
      "afterHooks": [],
      "tests": [],
      "suites": [
        {
          "uuid": "3626c0ae-453f-437f-925d-2c6668daffcc",
          "title": "Feature Select Language",
          "fullFile": "",
          "file": "",
          "beforeHooks": [],
          "afterHooks": [],
          "tests": [
            {
              "title": "Change Language to Italiano and English",
              "fullTitle": "Feature Select Language Change Language to Italiano and English",
              "timedOut": null,
              "duration": 10747,
              "state": "failed",
              "speed": null,
              "pass": false,
              "fail": true,
              "pending": false,
              "context": null,
              "code": "cy.get('img[src*=\"https://app.gothru.co/images/flag/en.png\"], { timeout: 60000 }').first().click();\ncy.contains('button', 'Italiano', {\n  timeout: 60000\n}).click();\ncy.contains('button', 'Fare domanda a', {\n  timeout: 60000\n}).click();\ncy.get('img[src*=\"https://app.gothru.co/images/flag/it.png\"], { timeout: 60000 }').first().click();\ncy.contains('button', 'English', {\n  timeout: 60000\n}).click();\ncy.contains('button', 'Apply', {\n  timeout: 60000\n}).click();",
              "err": {
                "message": "Error: Syntax error, unrecognized expression: img[src*=\"https://app.gothru.co/images/flag/en.png\"], { timeout: 60000 }",
                "estack": "Error: Syntax error, unrecognized expression: img[src*=\"https://app.gothru.co/images/flag/en.png\"], { timeout: 60000 }\n    at Sizzle.error (https://app.gothru.co/__cypress/runner/cypress_runner.js:8465:8)\n    at Sizzle.tokenize (https://app.gothru.co/__cypress/runner/cypress_runner.js:9121:11)\n    at Sizzle.select (https://app.gothru.co/__cypress/runner/cypress_runner.js:9548:20)\n    at Function.Sizzle [as find] (https://app.gothru.co/__cypress/runner/cypress_runner.js:7769:9)\n    at jQuery.fn.init.find (https://app.gothru.co/__cypress/runner/cypress_runner.js:9801:11)\n    at new jQuery.fn.init (https://app.gothru.co/__cypress/runner/cypress_runner.js:9916:40)\n    at Object.query (https://app.gothru.co/__cypress/runner/cypress_runner.js:35133:10)\n    at $Cy.$$ (https://app.gothru.co/__cypress/runner/cypress_runner.js:140050:57)\n    at <unknown> (https://app.gothru.co/__cypress/runner/cypress_runner.js:131980:18)\n    at Object.subjectFn (https://app.gothru.co/__cypress/runner/cypress_runner.js:143866:16)\n    at $Cy.verifyUpcomingAssertions (https://app.gothru.co/__cypress/runner/cypress_runner.js:143205:31)\n    at onRetry (https://app.gothru.co/__cypress/runner/cypress_runner.js:143857:15)\n    at retryQuery (https://app.gothru.co/__cypress/runner/cypress_runner.js:143870:10)\n    at <unknown> (https://app.gothru.co/__cypress/runner/cypress_runner.js:144023:17)\n    at tryCatcher (https://app.gothru.co/__cypress/runner/cypress_runner.js:1830:23)\n    at Promise._settlePromiseFromHandler (https://app.gothru.co/__cypress/runner/cypress_runner.js:1542:31)\n    at Promise._settlePromise (https://app.gothru.co/__cypress/runner/cypress_runner.js:1599:18)\n    at Promise._settlePromiseCtx (https://app.gothru.co/__cypress/runner/cypress_runner.js:1636:10)\n    at _drainQueueStep (https://app.gothru.co/__cypress/runner/cypress_runner.js:2434:12)\n    at _drainQueue (https://app.gothru.co/__cypress/runner/cypress_runner.js:2423:9)\n    at Async._drainQueues (https://app.gothru.co/__cypress/runner/cypress_runner.js:2439:5)\n    at Async.drainQueues (https://app.gothru.co/__cypress/runner/cypress_runner.js:2309:14)",
                "diff": null
              },
              "uuid": "ffe30a1b-8bc4-4ee6-bfc4-503b7a46ef22",
              "parentUUID": "3626c0ae-453f-437f-925d-2c6668daffcc",
              "isHook": false,
              "skipped": false
            }
          ],
          "suites": [],
          "passes": [],
          "failures": [
            "ffe30a1b-8bc4-4ee6-bfc4-503b7a46ef22"
          ],
          "pending": [],
          "skipped": [],
          "duration": 10747,
          "root": false,
          "rootEmpty": false,
          "_timeout": 2000
        }
      ],
      "passes": [],
      "failures": [],
      "pending": [],
      "skipped": [],
      "duration": 0,
      "root": true,
      "rootEmpty": true,
      "_timeout": 2000
    }
  ],
  "meta": {
    "mocha": {
      "version": "7.0.1"
    },
    "mochawesome": {
      "options": {
        "quiet": false,
        "reportFilename": "mochawesome",
        "saveHtml": true,
        "saveJson": true,
        "consoleReporter": "spec",
        "useInlineDiffs": false,
        "code": true
      },
      "version": "7.1.3"
    },
    "marge": {
      "options": {
        "reportDir": "cypress/results",
        "overwrite": false,
        "html": true,
        "json": true
      },
      "version": "6.2.0"
    }
  }
}