{
  "stats": {
    "suites": 1,
    "tests": 1,
    "passes": 1,
    "pending": 0,
    "failures": 0,
    "start": "2025-01-24T14:01:09.024Z",
    "end": "2025-01-24T14:02:07.997Z",
    "duration": 58973,
    "testsRegistered": 1,
    "passPercent": 100,
    "pendingPercent": 0,
    "other": 0,
    "hasOther": false,
    "skipped": 0,
    "hasSkipped": false
  },
  "results": [
    {
      "uuid": "f85bfb76-6dc6-424d-933b-5710bae88f9d",
      "title": "",
      "fullFile": "cypress\\e2e\\integration\\authentication\\login.cy.js",
      "file": "cypress\\e2e\\integration\\authentication\\login.cy.js",
      "beforeHooks": [],
      "afterHooks": [],
      "tests": [],
      "suites": [
        {
          "uuid": "75e41250-03dd-4b0f-a265-22358b1acd54",
          "title": "Feature Login",
          "fullFile": "",
          "file": "",
          "beforeHooks": [],
          "afterHooks": [],
          "tests": [
            {
              "title": "Main Function",
              "fullTitle": "Feature Login Main Function",
              "timedOut": null,
              "duration": 54912,
              "state": "passed",
              "speed": "slow",
              "pass": true,
              "fail": false,
              "pending": false,
              "context": null,
              "code": "cy.visit('https://app.gothru.co');\ncy.get('input[placeholder=\"Enter email\"]', {\n  timeout: 60000\n}).type('testergothru@gmail.com');\ncy.get('input[placeholder=\"Enter password\"]', {\n  timeout: 60000\n}).type('GoThru@123');\ncy.contains('button', 'Log In').click();",
              "err": {},
              "uuid": "8b41208d-c456-4e1e-8702-0eaa3626c755",
              "parentUUID": "75e41250-03dd-4b0f-a265-22358b1acd54",
              "isHook": false,
              "skipped": false
            }
          ],
          "suites": [],
          "passes": [
            "8b41208d-c456-4e1e-8702-0eaa3626c755"
          ],
          "failures": [],
          "pending": [],
          "skipped": [],
          "duration": 54912,
          "root": false,
          "rootEmpty": false,
          "_timeout": 2000
        }
      ],
      "passes": [],
      "failures": [],
      "pending": [],
      "skipped": [],
      "duration": 0,
      "root": true,
      "rootEmpty": true,
      "_timeout": 2000
    }
  ],
  "meta": {
    "mocha": {
      "version": "7.0.1"
    },
    "mochawesome": {
      "options": {
        "quiet": false,
        "reportFilename": "mochawesome",
        "saveHtml": true,
        "saveJson": true,
        "consoleReporter": "spec",
        "useInlineDiffs": false,
        "code": true
      },
      "version": "7.1.3"
    },
    "marge": {
      "options": {
        "reportDir": "cypress/results",
        "overwrite": false,
        "html": true,
        "json": true
      },
      "version": "6.2.0"
    }
  }
}