{
  "stats": {
    "suites": 1,
    "tests": 1,
    "passes": 1,
    "pending": 0,
    "failures": 0,
    "start": "2025-01-22T14:03:24.263Z",
    "end": "2025-01-22T14:03:40.735Z",
    "duration": 16472,
    "testsRegistered": 1,
    "passPercent": 100,
    "pendingPercent": 0,
    "other": 0,
    "hasOther": false,
    "skipped": 0,
    "hasSkipped": false
  },
  "results": [
    {
      "uuid": "b129f406-1e9d-4d19-bc64-f4edfb3e5070",
      "title": "",
      "fullFile": "cypress\\e2e\\integration\\starter-page\\select-mode.cy.js",
      "file": "cypress\\e2e\\integration\\starter-page\\select-mode.cy.js",
      "beforeHooks": [],
      "afterHooks": [],
      "tests": [],
      "suites": [
        {
          "uuid": "816cfb34-1224-4ed5-a3dc-aeda080718a9",
          "title": "Feature Select Mode",
          "fullFile": "",
          "file": "",
          "beforeHooks": [],
          "afterHooks": [],
          "tests": [
            {
              "title": "Change mode light to dark",
              "fullTitle": "Feature Select Mode Change mode light to dark",
              "timedOut": null,
              "duration": 14037,
              "state": "passed",
              "speed": "slow",
              "pass": true,
              "fail": false,
              "pending": false,
              "context": null,
              "code": "cy.get('button i.fa-solid.fa-moon').first().click();\ncy.get('button i.fa-solid.fa-sun').first().click();",
              "err": {},
              "uuid": "8eacf30b-f663-4a82-a212-8e43bc84f31b",
              "parentUUID": "816cfb34-1224-4ed5-a3dc-aeda080718a9",
              "isHook": false,
              "skipped": false
            }
          ],
          "suites": [],
          "passes": [
            "8eacf30b-f663-4a82-a212-8e43bc84f31b"
          ],
          "failures": [],
          "pending": [],
          "skipped": [],
          "duration": 14037,
          "root": false,
          "rootEmpty": false,
          "_timeout": 2000
        }
      ],
      "passes": [],
      "failures": [],
      "pending": [],
      "skipped": [],
      "duration": 0,
      "root": true,
      "rootEmpty": true,
      "_timeout": 2000
    }
  ],
  "meta": {
    "mocha": {
      "version": "7.0.1"
    },
    "mochawesome": {
      "options": {
        "quiet": false,
        "reportFilename": "mochawesome",
        "saveHtml": true,
        "saveJson": true,
        "consoleReporter": "spec",
        "useInlineDiffs": false,
        "code": true
      },
      "version": "7.1.3"
    },
    "marge": {
      "options": {
        "reportDir": "cypress/results",
        "overwrite": false,
        "html": true,
        "json": true
      },
      "version": "6.2.0"
    }
  }
}