{
  "stats": {
    "suites": 1,
    "tests": 1,
    "passes": 1,
    "pending": 0,
    "failures": 0,
    "start": "2025-01-14T00:37:23.197Z",
    "end": "2025-01-14T00:37:41.049Z",
    "duration": 17852,
    "testsRegistered": 1,
    "passPercent": 100,
    "pendingPercent": 0,
    "other": 0,
    "hasOther": false,
    "skipped": 0,
    "hasSkipped": false
  },
  "results": [
    {
      "uuid": "f1c32ebb-c2d9-4409-a428-6541bbbd800d",
      "title": "",
      "fullFile": "cypress\\e2e\\integration\\starter-page\\select-language.cy.js",
      "file": "cypress\\e2e\\integration\\starter-page\\select-language.cy.js",
      "beforeHooks": [],
      "afterHooks": [],
      "tests": [],
      "suites": [
        {
          "uuid": "267eb869-9ec7-4ff4-a737-df5e50e9b272",
          "title": "Select Language Feature",
          "fullFile": "",
          "file": "",
          "beforeHooks": [],
          "afterHooks": [],
          "tests": [
            {
              "title": "Chang Language to Italiano and English",
              "fullTitle": "Select Language Feature Chang Language to Italiano and English",
              "timedOut": null,
              "duration": 15643,
              "state": "passed",
              "speed": "slow",
              "pass": true,
              "fail": false,
              "pending": false,
              "context": null,
              "code": "cy.get('img[src*=\"https://app.gothru.co/images/flag/en.png\"]').first().click();\ncy.contains('button', 'Italiano').click();\ncy.contains('button', 'Fare domanda a').click();\ncy.get('img[src*=\"https://app.gothru.co/images/flag/it.png\"]').first().click();\ncy.contains('button', 'English').click();\ncy.contains('button', 'Apply').click();",
              "err": {},
              "uuid": "44ae71ce-beae-49bd-9ec9-2531262fb457",
              "parentUUID": "267eb869-9ec7-4ff4-a737-df5e50e9b272",
              "isHook": false,
              "skipped": false
            }
          ],
          "suites": [],
          "passes": [
            "44ae71ce-beae-49bd-9ec9-2531262fb457"
          ],
          "failures": [],
          "pending": [],
          "skipped": [],
          "duration": 15643,
          "root": false,
          "rootEmpty": false,
          "_timeout": 2000
        }
      ],
      "passes": [],
      "failures": [],
      "pending": [],
      "skipped": [],
      "duration": 0,
      "root": true,
      "rootEmpty": true,
      "_timeout": 2000
    }
  ],
  "meta": {
    "mocha": {
      "version": "7.0.1"
    },
    "mochawesome": {
      "options": {
        "quiet": false,
        "reportFilename": "mochawesome",
        "saveHtml": true,
        "saveJson": true,
        "consoleReporter": "spec",
        "useInlineDiffs": false,
        "code": true
      },
      "version": "7.1.3"
    },
    "marge": {
      "options": {
        "reportDir": "cypress/results",
        "overwrite": false,
        "html": true,
        "json": true
      },
      "version": "6.2.0"
    }
  }
}