{
  "stats": {
    "suites": 1,
    "tests": 1,
    "passes": 1,
    "pending": 0,
    "failures": 0,
    "start": "2025-01-23T13:50:30.963Z",
    "end": "2025-01-23T13:51:02.766Z",
    "duration": 31803,
    "testsRegistered": 1,
    "passPercent": 100,
    "pendingPercent": 0,
    "other": 0,
    "hasOther": false,
    "skipped": 0,
    "hasSkipped": false
  },
  "results": [
    {
      "uuid": "e1d6e7e7-f134-4428-abc3-78d8af7471ff",
      "title": "",
      "fullFile": "cypress\\e2e\\integration\\starter-page\\select-mode.cy.js",
      "file": "cypress\\e2e\\integration\\starter-page\\select-mode.cy.js",
      "beforeHooks": [],
      "afterHooks": [],
      "tests": [],
      "suites": [
        {
          "uuid": "5cf8f640-4f31-494d-8d0c-219f74d2f9ba",
          "title": "Feature Select Mode",
          "fullFile": "",
          "file": "",
          "beforeHooks": [],
          "afterHooks": [],
          "tests": [
            {
              "title": "Change mode light to dark",
              "fullTitle": "Feature Select Mode Change mode light to dark",
              "timedOut": null,
              "duration": 29221,
              "state": "passed",
              "speed": "slow",
              "pass": true,
              "fail": false,
              "pending": false,
              "context": null,
              "code": "cy.get('button i.fa-solid.fa-moon').first().click();\ncy.get('button i.fa-solid.fa-sun').first().click();",
              "err": {},
              "uuid": "77d283ab-48c3-484b-a4fb-094375433dad",
              "parentUUID": "5cf8f640-4f31-494d-8d0c-219f74d2f9ba",
              "isHook": false,
              "skipped": false
            }
          ],
          "suites": [],
          "passes": [
            "77d283ab-48c3-484b-a4fb-094375433dad"
          ],
          "failures": [],
          "pending": [],
          "skipped": [],
          "duration": 29221,
          "root": false,
          "rootEmpty": false,
          "_timeout": 2000
        }
      ],
      "passes": [],
      "failures": [],
      "pending": [],
      "skipped": [],
      "duration": 0,
      "root": true,
      "rootEmpty": true,
      "_timeout": 2000
    }
  ],
  "meta": {
    "mocha": {
      "version": "7.0.1"
    },
    "mochawesome": {
      "options": {
        "quiet": false,
        "reportFilename": "mochawesome",
        "saveHtml": true,
        "saveJson": true,
        "consoleReporter": "spec",
        "useInlineDiffs": false,
        "code": true
      },
      "version": "7.1.3"
    },
    "marge": {
      "options": {
        "reportDir": "cypress/results",
        "overwrite": false,
        "html": true,
        "json": true
      },
      "version": "6.2.0"
    }
  }
}