{
  "stats": {
    "suites": 1,
    "tests": 1,
    "passes": 0,
    "pending": 0,
    "failures": 1,
    "start": "2025-02-01T02:34:05.862Z",
    "end": "2025-02-01T02:35:06.927Z",
    "duration": 61065,
    "testsRegistered": 1,
    "passPercent": 0,
    "pendingPercent": 0,
    "other": 0,
    "hasOther": false,
    "skipped": 0,
    "hasSkipped": false
  },
  "results": [
    {
      "uuid": "592ade80-009e-4d64-a15c-cd24d5a9a99b",
      "title": "",
      "fullFile": "cypress\\e2e\\integration\\main-layout\\novice-dashboard.cy.js",
      "file": "cypress\\e2e\\integration\\main-layout\\novice-dashboard.cy.js",
      "beforeHooks": [],
      "afterHooks": [],
      "tests": [],
      "suites": [
        {
          "uuid": "cf03888d-3268-4230-afba-e9adebdc5525",
          "title": "template spec",
          "fullFile": "",
          "file": "",
          "beforeHooks": [],
          "afterHooks": [],
          "tests": [
            {
              "title": "passes",
              "fullTitle": "template spec passes",
              "timedOut": null,
              "duration": 61019,
              "state": "failed",
              "speed": null,
              "pass": false,
              "fail": true,
              "pending": false,
              "context": null,
              "code": "cy.visit('https://example.cypress.io');",
              "err": {
                "message": "CypressError: Timed out after waiting `60000ms` for your remote page to load.\n\nYour page did not fire its `load` event within `60000ms`.\n\nYou can try increasing the `pageLoadTimeout` value in `cypress.config.js` to wait longer.\n\nBrowsers will not fire the `load` event until all stylesheets and scripts are done downloading.\n\nWhen this `load` event occurs, Cypress will continue running commands.",
                "estack": "CypressError: Timed out after waiting `60000ms` for your remote page to load.\n\nYour page did not fire its `load` event within `60000ms`.\n\nYou can try increasing the `pageLoadTimeout` value in `cypress.config.js` to wait longer.\n\nBrowsers will not fire the `load` event until all stylesheets and scripts are done downloading.\n\nWhen this `load` event occurs, Cypress will continue running commands.\n    at timedOutWaitingForPageLoad (http://localhost:56134/__cypress/runner/cypress_runner.js:130639:64)\n    at <unknown> (http://localhost:56134/__cypress/runner/cypress_runner.js:131624:16)\n    at tryCatcher (http://localhost:56134/__cypress/runner/cypress_runner.js:1830:23)\n    at <unknown> (http://localhost:56134/__cypress/runner/cypress_runner.js:4209:41)\n    at tryCatcher (http://localhost:56134/__cypress/runner/cypress_runner.js:1830:23)\n    at Promise._settlePromiseFromHandler (http://localhost:56134/__cypress/runner/cypress_runner.js:1542:31)\n    at Promise._settlePromise (http://localhost:56134/__cypress/runner/cypress_runner.js:1599:18)\n    at Promise._settlePromise0 (http://localhost:56134/__cypress/runner/cypress_runner.js:1644:10)\n    at Promise._settlePromises (http://localhost:56134/__cypress/runner/cypress_runner.js:1720:18)\n    at _drainQueueStep (http://localhost:56134/__cypress/runner/cypress_runner.js:2430:12)\n    at _drainQueue (http://localhost:56134/__cypress/runner/cypress_runner.js:2423:9)\n    at Async._drainQueues (http://localhost:56134/__cypress/runner/cypress_runner.js:2439:5)\n    at Async.drainQueues (http://localhost:56134/__cypress/runner/cypress_runner.js:2309:14)\nFrom Your Spec Code:\n    at Context.eval (webpack://cypress/./cypress/e2e/integration/main-layout/novice-dashboard.cy.js:3:7)",
                "diff": null
              },
              "uuid": "ab9c4acc-5ffb-462a-946b-3788ccdc46fd",
              "parentUUID": "cf03888d-3268-4230-afba-e9adebdc5525",
              "isHook": false,
              "skipped": false
            }
          ],
          "suites": [],
          "passes": [],
          "failures": [
            "ab9c4acc-5ffb-462a-946b-3788ccdc46fd"
          ],
          "pending": [],
          "skipped": [],
          "duration": 61019,
          "root": false,
          "rootEmpty": false,
          "_timeout": 2000
        }
      ],
      "passes": [],
      "failures": [],
      "pending": [],
      "skipped": [],
      "duration": 0,
      "root": true,
      "rootEmpty": true,
      "_timeout": 2000
    }
  ],
  "meta": {
    "mocha": {
      "version": "7.0.1"
    },
    "mochawesome": {
      "options": {
        "quiet": false,
        "reportFilename": "mochawesome",
        "saveHtml": true,
        "saveJson": true,
        "consoleReporter": "spec",
        "useInlineDiffs": false,
        "code": true
      },
      "version": "7.1.3"
    },
    "marge": {
      "options": {
        "reportDir": "cypress/results",
        "overwrite": false,
        "html": true,
        "json": true
      },
      "version": "6.2.0"
    }
  }
}