{
  "stats": {
    "suites": 1,
    "tests": 1,
    "passes": 1,
    "pending": 0,
    "failures": 0,
    "start": "2025-01-23T14:09:23.265Z",
    "end": "2025-01-23T14:09:38.853Z",
    "duration": 15588,
    "testsRegistered": 1,
    "passPercent": 100,
    "pendingPercent": 0,
    "other": 0,
    "hasOther": false,
    "skipped": 0,
    "hasSkipped": false
  },
  "results": [
    {
      "uuid": "806270d2-2734-40d7-9f61-bf5ae96c08a7",
      "title": "",
      "fullFile": "cypress\\e2e\\integration\\authentication\\login.cy.js",
      "file": "cypress\\e2e\\integration\\authentication\\login.cy.js",
      "beforeHooks": [],
      "afterHooks": [],
      "tests": [],
      "suites": [
        {
          "uuid": "6bd4933c-a55b-4cdb-ad86-728f3d3b51be",
          "title": "Feature Login",
          "fullFile": "",
          "file": "",
          "beforeHooks": [],
          "afterHooks": [],
          "tests": [
            {
              "title": "Main Function",
              "fullTitle": "Feature Login Main Function",
              "timedOut": null,
              "duration": 11829,
              "state": "passed",
              "speed": "slow",
              "pass": true,
              "fail": false,
              "pending": false,
              "context": null,
              "code": "cy.visit('https://app.gothru.co');\ncy.get('input[placeholder=\"Enter email\"]', {\n  timeout: 60000\n}).type('testergothru@gmail.com');\ncy.get('input[placeholder=\"Enter password\"]', {\n  timeout: 60000\n}).type('GoThru@123');\ncy.contains('button', 'Log In').click();",
              "err": {},
              "uuid": "3fc9608f-262f-4712-8e5d-627161e1ebc0",
              "parentUUID": "6bd4933c-a55b-4cdb-ad86-728f3d3b51be",
              "isHook": false,
              "skipped": false
            }
          ],
          "suites": [],
          "passes": [
            "3fc9608f-262f-4712-8e5d-627161e1ebc0"
          ],
          "failures": [],
          "pending": [],
          "skipped": [],
          "duration": 11829,
          "root": false,
          "rootEmpty": false,
          "_timeout": 2000
        }
      ],
      "passes": [],
      "failures": [],
      "pending": [],
      "skipped": [],
      "duration": 0,
      "root": true,
      "rootEmpty": true,
      "_timeout": 2000
    }
  ],
  "meta": {
    "mocha": {
      "version": "7.0.1"
    },
    "mochawesome": {
      "options": {
        "quiet": false,
        "reportFilename": "mochawesome",
        "saveHtml": true,
        "saveJson": true,
        "consoleReporter": "spec",
        "useInlineDiffs": false,
        "code": true
      },
      "version": "7.1.3"
    },
    "marge": {
      "options": {
        "reportDir": "cypress/results",
        "overwrite": false,
        "html": true,
        "json": true
      },
      "version": "6.2.0"
    }
  }
}