{
  "stats": {
    "suites": 1,
    "tests": 1,
    "passes": 1,
    "pending": 0,
    "failures": 0,
    "start": "2025-02-01T00:36:12.187Z",
    "end": "2025-02-01T00:36:17.230Z",
    "duration": 5043,
    "testsRegistered": 1,
    "passPercent": 100,
    "pendingPercent": 0,
    "other": 0,
    "hasOther": false,
    "skipped": 0,
    "hasSkipped": false
  },
  "results": [
    {
      "uuid": "40bed8ac-0efc-464c-8dc1-a807b4a4f8b3",
      "title": "",
      "fullFile": "cypress\\e2e\\integration\\main-layout\\novice-dashboard.cy.js",
      "file": "cypress\\e2e\\integration\\main-layout\\novice-dashboard.cy.js",
      "beforeHooks": [],
      "afterHooks": [],
      "tests": [],
      "suites": [
        {
          "uuid": "ff9a0237-edfc-41da-a0ae-c4ef1292cae1",
          "title": "template spec",
          "fullFile": "",
          "file": "",
          "beforeHooks": [],
          "afterHooks": [],
          "tests": [
            {
              "title": "passes",
              "fullTitle": "template spec passes",
              "timedOut": null,
              "duration": 1128,
              "state": "passed",
              "speed": "fast",
              "pass": true,
              "fail": false,
              "pending": false,
              "context": null,
              "code": "cy.visit('https://example.cypress.io');",
              "err": {},
              "uuid": "5b6b740a-79cb-4cd7-835b-7452fa7ee8f8",
              "parentUUID": "ff9a0237-edfc-41da-a0ae-c4ef1292cae1",
              "isHook": false,
              "skipped": false
            }
          ],
          "suites": [],
          "passes": [
            "5b6b740a-79cb-4cd7-835b-7452fa7ee8f8"
          ],
          "failures": [],
          "pending": [],
          "skipped": [],
          "duration": 1128,
          "root": false,
          "rootEmpty": false,
          "_timeout": 2000
        }
      ],
      "passes": [],
      "failures": [],
      "pending": [],
      "skipped": [],
      "duration": 0,
      "root": true,
      "rootEmpty": true,
      "_timeout": 2000
    }
  ],
  "meta": {
    "mocha": {
      "version": "7.0.1"
    },
    "mochawesome": {
      "options": {
        "quiet": false,
        "reportFilename": "mochawesome",
        "saveHtml": true,
        "saveJson": true,
        "consoleReporter": "spec",
        "useInlineDiffs": false,
        "code": true
      },
      "version": "7.1.3"
    },
    "marge": {
      "options": {
        "reportDir": "cypress/results",
        "overwrite": false,
        "html": true,
        "json": true
      },
      "version": "6.2.0"
    }
  }
}