{
  "stats": {
    "suites": 1,
    "tests": 1,
    "passes": 1,
    "pending": 0,
    "failures": 0,
    "start": "2025-01-14T00:37:49.046Z",
    "end": "2025-01-14T00:38:04.448Z",
    "duration": 15402,
    "testsRegistered": 1,
    "passPercent": 100,
    "pendingPercent": 0,
    "other": 0,
    "hasOther": false,
    "skipped": 0,
    "hasSkipped": false
  },
  "results": [
    {
      "uuid": "1331a039-7d52-43d8-90e0-22fcf7630b62",
      "title": "",
      "fullFile": "cypress\\e2e\\integration\\starter-page\\select-mode.cy.js",
      "file": "cypress\\e2e\\integration\\starter-page\\select-mode.cy.js",
      "beforeHooks": [],
      "afterHooks": [],
      "tests": [],
      "suites": [
        {
          "uuid": "0c1834d6-9e9f-424e-8f7a-33f2cae148de",
          "title": "Select Mode Feature",
          "fullFile": "",
          "file": "",
          "beforeHooks": [],
          "afterHooks": [],
          "tests": [
            {
              "title": "Chang Language to Italiano and English",
              "fullTitle": "Select Mode Feature Chang Language to Italiano and English",
              "timedOut": null,
              "duration": 12240,
              "state": "passed",
              "speed": "slow",
              "pass": true,
              "fail": false,
              "pending": false,
              "context": null,
              "code": "cy.get('button i.fa-solid.fa-moon').first().click();\ncy.get('button i.fa-solid.fa-sun').first().click();",
              "err": {},
              "uuid": "1b688761-7731-4e7b-89ba-1274736f1de7",
              "parentUUID": "0c1834d6-9e9f-424e-8f7a-33f2cae148de",
              "isHook": false,
              "skipped": false
            }
          ],
          "suites": [],
          "passes": [
            "1b688761-7731-4e7b-89ba-1274736f1de7"
          ],
          "failures": [],
          "pending": [],
          "skipped": [],
          "duration": 12240,
          "root": false,
          "rootEmpty": false,
          "_timeout": 2000
        }
      ],
      "passes": [],
      "failures": [],
      "pending": [],
      "skipped": [],
      "duration": 0,
      "root": true,
      "rootEmpty": true,
      "_timeout": 2000
    }
  ],
  "meta": {
    "mocha": {
      "version": "7.0.1"
    },
    "mochawesome": {
      "options": {
        "quiet": false,
        "reportFilename": "mochawesome",
        "saveHtml": true,
        "saveJson": true,
        "consoleReporter": "spec",
        "useInlineDiffs": false,
        "code": true
      },
      "version": "7.1.3"
    },
    "marge": {
      "options": {
        "reportDir": "cypress/results",
        "overwrite": false,
        "html": true,
        "json": true
      },
      "version": "6.2.0"
    }
  }
}