{
  "stats": {
    "suites": 1,
    "tests": 1,
    "passes": 0,
    "pending": 0,
    "failures": 1,
    "start": "2025-02-01T02:13:42.757Z",
    "end": "2025-02-01T02:14:07.668Z",
    "duration": 24911,
    "testsRegistered": 1,
    "passPercent": 0,
    "pendingPercent": 0,
    "other": 0,
    "hasOther": false,
    "skipped": 0,
    "hasSkipped": false
  },
  "results": [
    {
      "uuid": "119e7676-aefa-4658-b218-4e05590345a9",
      "title": "",
      "fullFile": "cypress\\e2e\\integration\\starter-page\\select-language.cy.js",
      "file": "cypress\\e2e\\integration\\starter-page\\select-language.cy.js",
      "beforeHooks": [],
      "afterHooks": [],
      "tests": [],
      "suites": [
        {
          "uuid": "39009ded-2cd7-457d-b19e-e8342d777ea5",
          "title": "Feature Select Language",
          "fullFile": "",
          "file": "",
          "beforeHooks": [],
          "afterHooks": [],
          "tests": [
            {
              "title": "Change Language to Italiano and English",
              "fullTitle": "Feature Select Language Change Language to Italiano and English",
              "timedOut": null,
              "duration": 21522,
              "state": "failed",
              "speed": null,
              "pass": false,
              "fail": true,
              "pending": false,
              "context": null,
              "code": "cy.get('img[src*=\"https://app.gothru.co/images/flag/en.webp\"]', {\n  timeout: 120000\n}).first().click();\ncy.contains('button', 'Italiano', {\n  timeout: 120000\n}).click();\ncy.contains('button', 'Fare domanda a', {\n  timeout: 120000\n}).click();\ncy.get('img[src*=\"https://app.gothru.co/images/flag/it.webp\"]', {\n  timeout: 120000\n}).first().click();\ncy.contains('button', 'English', {\n  timeout: 120000\n}).click();\ncy.contains('button', 'Apply', {\n  timeout: 120000\n}).click();",
              "err": {
                "message": "CypressError: Timed out retrying after 4050ms: `cy.click()` failed because it requires a DOM element or document.\n\nNo elements in the current DOM matched your query:\n\n  > cy.get(img[src*=\"https://app.gothru.co/images/flag/it.webp\"], [object Object]).first()",
                "estack": "CypressError: Timed out retrying after 4050ms: `cy.click()` failed because it requires a DOM element or document.\n\nNo elements in the current DOM matched your query:\n\n  > cy.get(img[src*=\"https://app.gothru.co/images/flag/it.webp\"], [object Object]).first()\n    at isElement (https://app.gothru.co/__cypress/runner/cypress_runner.js:144996:62)\n    at validateType (https://app.gothru.co/__cypress/runner/cypress_runner.js:144854:14)\n    at Object.isType (https://app.gothru.co/__cypress/runner/cypress_runner.js:144885:7)\n    at Array.<anonymous> (https://app.gothru.co/__cypress/runner/cypress_runner.js:135247:24)\n    at $Cy.getSubjectFromChain (https://app.gothru.co/__cypress/runner/cypress_runner.js:138594:34)\n    at _actionability__WEBPACK_IMPORTED_MODULE_6__.default.verify.subjectFn (https://app.gothru.co/__cypress/runner/cypress_runner.js:112625:51)\n    at retryActionability (https://app.gothru.co/__cypress/runner/cypress_runner.js:113327:27)\n    at tryCatcher (https://app.gothru.co/__cypress/runner/cypress_runner.js:1830:23)\n    at Promise.attempt.Promise.try (https://app.gothru.co/__cypress/runner/cypress_runner.js:4338:29)\n    at whenStable (https://app.gothru.co/__cypress/runner/cypress_runner.js:143744:68)\n    at <unknown> (https://app.gothru.co/__cypress/runner/cypress_runner.js:143685:14)\n    at tryCatcher (https://app.gothru.co/__cypress/runner/cypress_runner.js:1830:23)\n    at Promise._settlePromiseFromHandler (https://app.gothru.co/__cypress/runner/cypress_runner.js:1542:31)\n    at Promise._settlePromise (https://app.gothru.co/__cypress/runner/cypress_runner.js:1599:18)\n    at Promise._settlePromise0 (https://app.gothru.co/__cypress/runner/cypress_runner.js:1644:10)\n    at Promise._settlePromises (https://app.gothru.co/__cypress/runner/cypress_runner.js:1724:18)\n    at Promise._fulfill (https://app.gothru.co/__cypress/runner/cypress_runner.js:1668:18)\n    at <unknown> (https://app.gothru.co/__cypress/runner/cypress_runner.js:5473:46)\nFrom Your Spec Code:\n    at Context.eval (webpack://cypress/./cypress/e2e/integration/starter-page/select-language.cy.js:12:97)",
                "diff": null
              },
              "uuid": "d08127bb-5cfb-41e2-be14-8476b31edd91",
              "parentUUID": "39009ded-2cd7-457d-b19e-e8342d777ea5",
              "isHook": false,
              "skipped": false
            }
          ],
          "suites": [],
          "passes": [],
          "failures": [
            "d08127bb-5cfb-41e2-be14-8476b31edd91"
          ],
          "pending": [],
          "skipped": [],
          "duration": 21522,
          "root": false,
          "rootEmpty": false,
          "_timeout": 2000
        }
      ],
      "passes": [],
      "failures": [],
      "pending": [],
      "skipped": [],
      "duration": 0,
      "root": true,
      "rootEmpty": true,
      "_timeout": 2000
    }
  ],
  "meta": {
    "mocha": {
      "version": "7.0.1"
    },
    "mochawesome": {
      "options": {
        "quiet": false,
        "reportFilename": "mochawesome",
        "saveHtml": true,
        "saveJson": true,
        "consoleReporter": "spec",
        "useInlineDiffs": false,
        "code": true
      },
      "version": "7.1.3"
    },
    "marge": {
      "options": {
        "reportDir": "cypress/results",
        "overwrite": false,
        "html": true,
        "json": true
      },
      "version": "6.2.0"
    }
  }
}