{
  "stats": {
    "suites": 1,
    "tests": 1,
    "passes": 0,
    "pending": 0,
    "failures": 1,
    "start": "2025-01-24T14:16:49.863Z",
    "end": "2025-01-24T14:17:52.786Z",
    "duration": 62923,
    "testsRegistered": 1,
    "passPercent": 0,
    "pendingPercent": 0,
    "other": 0,
    "hasOther": false,
    "skipped": 0,
    "hasSkipped": false
  },
  "results": [
    {
      "uuid": "a158148c-c9d8-44f9-811b-2fed47c5c0e8",
      "title": "",
      "fullFile": "cypress\\e2e\\integration\\authentication\\logout.cy.js",
      "file": "cypress\\e2e\\integration\\authentication\\logout.cy.js",
      "beforeHooks": [],
      "afterHooks": [],
      "tests": [],
      "suites": [
        {
          "uuid": "74ac40b7-5193-4e59-89ba-e3e395250b0b",
          "title": "Feature Logout",
          "fullFile": "",
          "file": "",
          "beforeHooks": [],
          "afterHooks": [],
          "tests": [
            {
              "title": "should logout successfully and redirect to Homepage",
              "fullTitle": "Feature Logout should logout successfully and redirect to Homepage",
              "timedOut": null,
              "duration": 60463,
              "state": "failed",
              "speed": null,
              "pass": false,
              "fail": true,
              "pending": false,
              "context": null,
              "code": "cy.get('button').find('img[alt=\"avatar\"]', {\n  timeout: 120000\n}).click();\ncy.contains('Log Out', {\n  timeout: 120000\n}).click();\ncy.url().should('eq', 'https://app.gothru.co/auth');",
              "err": {
                "message": "CypressError: Timed out after waiting `60000ms` for your remote page to load.\n\nYour page did not fire its `load` event within `60000ms`.\n\nYou can try increasing the `pageLoadTimeout` value in `cypress.config.js` to wait longer.\n\nBrowsers will not fire the `load` event until all stylesheets and scripts are done downloading.\n\nWhen this `load` event occurs, Cypress will continue running commands.\n\nBecause this error occurred during a `before each` hook we are skipping the remaining tests in the current suite: `Feature Logout`",
                "estack": "CypressError: Timed out after waiting `60000ms` for your remote page to load.\n\nYour page did not fire its `load` event within `60000ms`.\n\nYou can try increasing the `pageLoadTimeout` value in `cypress.config.js` to wait longer.\n\nBrowsers will not fire the `load` event until all stylesheets and scripts are done downloading.\n\nWhen this `load` event occurs, Cypress will continue running commands.\n\nBecause this error occurred during a `before each` hook we are skipping the remaining tests in the current suite: `Feature Logout`\n    at timedOutWaitingForPageLoad (https://app.gothru.co/__cypress/runner/cypress_runner.js:130639:64)\n    at <unknown> (https://app.gothru.co/__cypress/runner/cypress_runner.js:131624:16)\n    at tryCatcher (https://app.gothru.co/__cypress/runner/cypress_runner.js:1830:23)\n    at <unknown> (https://app.gothru.co/__cypress/runner/cypress_runner.js:4209:41)\n    at tryCatcher (https://app.gothru.co/__cypress/runner/cypress_runner.js:1830:23)\n    at Promise._settlePromiseFromHandler (https://app.gothru.co/__cypress/runner/cypress_runner.js:1542:31)\n    at Promise._settlePromise (https://app.gothru.co/__cypress/runner/cypress_runner.js:1599:18)\n    at Promise._settlePromise0 (https://app.gothru.co/__cypress/runner/cypress_runner.js:1644:10)\n    at Promise._settlePromises (https://app.gothru.co/__cypress/runner/cypress_runner.js:1720:18)\n    at _drainQueueStep (https://app.gothru.co/__cypress/runner/cypress_runner.js:2430:12)\n    at _drainQueue (https://app.gothru.co/__cypress/runner/cypress_runner.js:2423:9)\n    at Async._drainQueues (https://app.gothru.co/__cypress/runner/cypress_runner.js:2439:5)\n    at Async.drainQueues (https://app.gothru.co/__cypress/runner/cypress_runner.js:2309:14)\nFrom Your Spec Code:\n    at Context.eval (webpack://cypress/./cypress/e2e/integration/authentication/logout.cy.js:3:7)",
                "diff": null
              },
              "uuid": "8ca46d62-f7db-4860-a51d-f95b894be067",
              "parentUUID": "74ac40b7-5193-4e59-89ba-e3e395250b0b",
              "isHook": false,
              "skipped": false
            }
          ],
          "suites": [],
          "passes": [],
          "failures": [
            "8ca46d62-f7db-4860-a51d-f95b894be067"
          ],
          "pending": [],
          "skipped": [],
          "duration": 60463,
          "root": false,
          "rootEmpty": false,
          "_timeout": 2000
        }
      ],
      "passes": [],
      "failures": [],
      "pending": [],
      "skipped": [],
      "duration": 0,
      "root": true,
      "rootEmpty": true,
      "_timeout": 2000
    }
  ],
  "meta": {
    "mocha": {
      "version": "7.0.1"
    },
    "mochawesome": {
      "options": {
        "quiet": false,
        "reportFilename": "mochawesome",
        "saveHtml": true,
        "saveJson": true,
        "consoleReporter": "spec",
        "useInlineDiffs": false,
        "code": true
      },
      "version": "7.1.3"
    },
    "marge": {
      "options": {
        "reportDir": "cypress/results",
        "overwrite": false,
        "html": true,
        "json": true
      },
      "version": "6.2.0"
    }
  }
}